CRITICAL - 2022-04-27 01:11:45 --> Invalid file: Notif.php
#0 C:\xampp\htdocs\services-complain-main\vendor\codeigniter4\framework\system\View\View.php(198): CodeIgniter\Exceptions\FrameworkException::forInvalidFile('Notif.php')
#1 C:\xampp\htdocs\services-complain-main\vendor\codeigniter4\framework\system\Common.php(1089): CodeIgniter\View\View->render('Notif', Array, true)
#2 C:\xampp\htdocs\services-complain-main\app\Views\Layout\template.php(268): view('Notif')
#3 C:\xampp\htdocs\services-complain-main\vendor\codeigniter4\framework\system\View\View.php(210): include('C:\\xampp\\htdocs...')
#4 C:\xampp\htdocs\services-complain-main\vendor\codeigniter4\framework\system\View\View.php(213): CodeIgniter\View\View->CodeIgniter\View\{closure}()
#5 C:\xampp\htdocs\services-complain-main\vendor\codeigniter4\framework\system\Common.php(1089): CodeIgniter\View\View->render('Layout/template', Array, true)
#6 C:\xampp\htdocs\services-complain-main\app\Controllers\Notif.php(12): view('Layout/template', Array)
#7 C:\xampp\htdocs\services-complain-main\vendor\codeigniter4\framework\system\CodeIgniter.php(832): App\Controllers\Notif->index()
#8 C:\xampp\htdocs\services-complain-main\vendor\codeigniter4\framework\system\CodeIgniter.php(419): CodeIgniter\CodeIgniter->runController(Object(App\Controllers\Notif))
#9 C:\xampp\htdocs\services-complain-main\vendor\codeigniter4\framework\system\CodeIgniter.php(326): CodeIgniter\CodeIgniter->handleRequest(NULL, Object(Config\Cache), false)
#10 C:\xampp\htdocs\services-complain-main\index.php(37): CodeIgniter\CodeIgniter->run()
#11 {main}
CRITICAL - 2022-04-27 01:12:02 --> Invalid file: Notif.php
#0 C:\xampp\htdocs\services-complain-main\vendor\codeigniter4\framework\system\View\View.php(198): CodeIgniter\Exceptions\FrameworkException::forInvalidFile('Notif.php')
#1 C:\xampp\htdocs\services-complain-main\vendor\codeigniter4\framework\system\Common.php(1089): CodeIgniter\View\View->render('Notif', Array, true)
#2 C:\xampp\htdocs\services-complain-main\app\Views\Layout\template.php(268): view('Notif')
#3 C:\xampp\htdocs\services-complain-main\vendor\codeigniter4\framework\system\View\View.php(210): include('C:\\xampp\\htdocs...')
#4 C:\xampp\htdocs\services-complain-main\vendor\codeigniter4\framework\system\View\View.php(213): CodeIgniter\View\View->CodeIgniter\View\{closure}()
#5 C:\xampp\htdocs\services-complain-main\vendor\codeigniter4\framework\system\Common.php(1089): CodeIgniter\View\View->render('Layout/template', Array, true)
#6 C:\xampp\htdocs\services-complain-main\app\Controllers\Notif.php(12): view('Layout/template', Array)
#7 C:\xampp\htdocs\services-complain-main\vendor\codeigniter4\framework\system\CodeIgniter.php(832): App\Controllers\Notif->index()
#8 C:\xampp\htdocs\services-complain-main\vendor\codeigniter4\framework\system\CodeIgniter.php(419): CodeIgniter\CodeIgniter->runController(Object(App\Controllers\Notif))
#9 C:\xampp\htdocs\services-complain-main\vendor\codeigniter4\framework\system\CodeIgniter.php(326): CodeIgniter\CodeIgniter->handleRequest(NULL, Object(Config\Cache), false)
#10 C:\xampp\htdocs\services-complain-main\index.php(37): CodeIgniter\CodeIgniter->run()
#11 {main}
CRITICAL - 2022-04-27 01:12:11 --> Invalid file: Notif.php
#0 C:\xampp\htdocs\services-complain-main\vendor\codeigniter4\framework\system\View\View.php(198): CodeIgniter\Exceptions\FrameworkException::forInvalidFile('Notif.php')
#1 C:\xampp\htdocs\services-complain-main\vendor\codeigniter4\framework\system\Common.php(1089): CodeIgniter\View\View->render('Notif', Array, true)
#2 C:\xampp\htdocs\services-complain-main\app\Views\Layout\template.php(268): view('Notif')
#3 C:\xampp\htdocs\services-complain-main\vendor\codeigniter4\framework\system\View\View.php(210): include('C:\\xampp\\htdocs...')
#4 C:\xampp\htdocs\services-complain-main\vendor\codeigniter4\framework\system\View\View.php(213): CodeIgniter\View\View->CodeIgniter\View\{closure}()
#5 C:\xampp\htdocs\services-complain-main\vendor\codeigniter4\framework\system\Common.php(1089): CodeIgniter\View\View->render('Layout/template', Array, true)
#6 C:\xampp\htdocs\services-complain-main\app\Controllers\Notif.php(12): view('Layout/template', Array)
#7 C:\xampp\htdocs\services-complain-main\vendor\codeigniter4\framework\system\CodeIgniter.php(832): App\Controllers\Notif->index()
#8 C:\xampp\htdocs\services-complain-main\vendor\codeigniter4\framework\system\CodeIgniter.php(419): CodeIgniter\CodeIgniter->runController(Object(App\Controllers\Notif))
#9 C:\xampp\htdocs\services-complain-main\vendor\codeigniter4\framework\system\CodeIgniter.php(326): CodeIgniter\CodeIgniter->handleRequest(NULL, Object(Config\Cache), false)
#10 C:\xampp\htdocs\services-complain-main\index.php(37): CodeIgniter\CodeIgniter->run()
#11 {main}
ERROR - 2022-04-27 01:19:21 --> You have an error in your SQL syntax; check the manual that corresponds to your MariaDB server version for the right syntax to use near 'DESC' at line 1
CRITICAL - 2022-04-27 01:19:21 --> You have an error in your SQL syntax; check the manual that corresponds to your MariaDB server version for the right syntax to use near 'DESC' at line 1
#0 C:\xampp\htdocs\services-complain-main\vendor\codeigniter4\framework\system\Database\MySQLi\Connection.php(292): mysqli->query('SELECT * from p...', 0)
#1 C:\xampp\htdocs\services-complain-main\vendor\codeigniter4\framework\system\Database\BaseConnection.php(670): CodeIgniter\Database\MySQLi\Connection->execute('SELECT * from p...')
#2 C:\xampp\htdocs\services-complain-main\vendor\codeigniter4\framework\system\Database\BaseConnection.php(598): CodeIgniter\Database\BaseConnection->simpleQuery('SELECT * from p...')
#3 C:\xampp\htdocs\services-complain-main\app\Controllers\Notif.php(11): CodeIgniter\Database\BaseConnection->query('SELECT * from p...')
#4 C:\xampp\htdocs\services-complain-main\vendor\codeigniter4\framework\system\CodeIgniter.php(832): App\Controllers\Notif->showmess()
#5 C:\xampp\htdocs\services-complain-main\vendor\codeigniter4\framework\system\CodeIgniter.php(419): CodeIgniter\CodeIgniter->runController(Object(App\Controllers\Notif))
#6 C:\xampp\htdocs\services-complain-main\vendor\codeigniter4\framework\system\CodeIgniter.php(326): CodeIgniter\CodeIgniter->handleRequest(NULL, Object(Config\Cache), false)
#7 C:\xampp\htdocs\services-complain-main\index.php(37): CodeIgniter\CodeIgniter->run()
#8 {main}
CRITICAL - 2022-04-27 01:19:45 --> Object of class stdClass could not be converted to string
#0 C:\xampp\htdocs\services-complain-main\vendor\codeigniter4\framework\system\CodeIgniter.php(832): App\Controllers\Notif->showmess()
#1 C:\xampp\htdocs\services-complain-main\vendor\codeigniter4\framework\system\CodeIgniter.php(419): CodeIgniter\CodeIgniter->runController(Object(App\Controllers\Notif))
#2 C:\xampp\htdocs\services-complain-main\vendor\codeigniter4\framework\system\CodeIgniter.php(326): CodeIgniter\CodeIgniter->handleRequest(NULL, Object(Config\Cache), false)
#3 C:\xampp\htdocs\services-complain-main\index.php(37): CodeIgniter\CodeIgniter->run()
#4 {main}
CRITICAL - 2022-04-27 01:21:45 --> Allowed memory size of 536870912 bytes exhausted (tried to allocate 264257536 bytes)
#0 [internal function]: CodeIgniter\Debug\Exceptions->shutdownHandler()
#1 {main}
CRITICAL - 2022-04-27 01:24:03 --> Maximum execution time of 120 seconds exceeded
#0 [internal function]: CodeIgniter\Debug\Exceptions->shutdownHandler()
#1 {main}
CRITICAL - 2022-04-27 01:24:49 --> Allowed memory size of 536870912 bytes exhausted (tried to allocate 264257536 bytes)
#0 [internal function]: CodeIgniter\Debug\Exceptions->shutdownHandler()
#1 {main}
CRITICAL - 2022-04-27 01:25:57 --> Array to string conversion
#0 C:\xampp\htdocs\services-complain-main\app\Controllers\Notif.php(13): CodeIgniter\Debug\Exceptions->errorHandler(2, 'Array to string...', 'C:\\xampp\\htdocs...', 13)
#1 C:\xampp\htdocs\services-complain-main\vendor\codeigniter4\framework\system\CodeIgniter.php(832): App\Controllers\Notif->showmess()
#2 C:\xampp\htdocs\services-complain-main\vendor\codeigniter4\framework\system\CodeIgniter.php(419): CodeIgniter\CodeIgniter->runController(Object(App\Controllers\Notif))
#3 C:\xampp\htdocs\services-complain-main\vendor\codeigniter4\framework\system\CodeIgniter.php(326): CodeIgniter\CodeIgniter->handleRequest(NULL, Object(Config\Cache), false)
#4 C:\xampp\htdocs\services-complain-main\index.php(37): CodeIgniter\CodeIgniter->run()
#5 {main}
CRITICAL - 2022-04-27 01:26:37 --> Undefined array key ""
#0 C:\xampp\htdocs\services-complain-main\app\Controllers\Notif.php(13): CodeIgniter\Debug\Exceptions->errorHandler(2, 'Undefined array...', 'C:\\xampp\\htdocs...', 13)
#1 C:\xampp\htdocs\services-complain-main\vendor\codeigniter4\framework\system\CodeIgniter.php(832): App\Controllers\Notif->showmess()
#2 C:\xampp\htdocs\services-complain-main\vendor\codeigniter4\framework\system\CodeIgniter.php(419): CodeIgniter\CodeIgniter->runController(Object(App\Controllers\Notif))
#3 C:\xampp\htdocs\services-complain-main\vendor\codeigniter4\framework\system\CodeIgniter.php(326): CodeIgniter\CodeIgniter->handleRequest(NULL, Object(Config\Cache), false)
#4 C:\xampp\htdocs\services-complain-main\index.php(37): CodeIgniter\CodeIgniter->run()
#5 {main}
CRITICAL - 2022-04-27 01:26:43 --> Undefined array key "idpesan"
#0 C:\xampp\htdocs\services-complain-main\app\Controllers\Notif.php(13): CodeIgniter\Debug\Exceptions->errorHandler(2, 'Undefined array...', 'C:\\xampp\\htdocs...', 13)
#1 C:\xampp\htdocs\services-complain-main\vendor\codeigniter4\framework\system\CodeIgniter.php(832): App\Controllers\Notif->showmess()
#2 C:\xampp\htdocs\services-complain-main\vendor\codeigniter4\framework\system\CodeIgniter.php(419): CodeIgniter\CodeIgniter->runController(Object(App\Controllers\Notif))
#3 C:\xampp\htdocs\services-complain-main\vendor\codeigniter4\framework\system\CodeIgniter.php(326): CodeIgniter\CodeIgniter->handleRequest(NULL, Object(Config\Cache), false)
#4 C:\xampp\htdocs\services-complain-main\index.php(37): CodeIgniter\CodeIgniter->run()
#5 {main}
CRITICAL - 2022-04-27 01:27:02 --> Attempt to read property "idpesan" on array
#0 C:\xampp\htdocs\services-complain-main\app\Controllers\Notif.php(13): CodeIgniter\Debug\Exceptions->errorHandler(2, 'Attempt to read...', 'C:\\xampp\\htdocs...', 13)
#1 C:\xampp\htdocs\services-complain-main\vendor\codeigniter4\framework\system\CodeIgniter.php(832): App\Controllers\Notif->showmess()
#2 C:\xampp\htdocs\services-complain-main\vendor\codeigniter4\framework\system\CodeIgniter.php(419): CodeIgniter\CodeIgniter->runController(Object(App\Controllers\Notif))
#3 C:\xampp\htdocs\services-complain-main\vendor\codeigniter4\framework\system\CodeIgniter.php(326): CodeIgniter\CodeIgniter->handleRequest(NULL, Object(Config\Cache), false)
#4 C:\xampp\htdocs\services-complain-main\index.php(37): CodeIgniter\CodeIgniter->run()
#5 {main}
CRITICAL - 2022-04-27 01:28:08 --> Maximum execution time of 120 seconds exceeded
#0 [internal function]: CodeIgniter\Debug\Exceptions->shutdownHandler()
#1 {main}
ERROR - 2022-04-27 01:29:16 --> Table 'gigasolusi.pesan' doesn't exist
CRITICAL - 2022-04-27 01:29:16 --> Table 'gigasolusi.pesan' doesn't exist
#0 C:\xampp\htdocs\services-complain-main\vendor\codeigniter4\framework\system\Database\MySQLi\Connection.php(292): mysqli->query('SELECT * from p...', 0)
#1 C:\xampp\htdocs\services-complain-main\vendor\codeigniter4\framework\system\Database\BaseConnection.php(670): CodeIgniter\Database\MySQLi\Connection->execute('SELECT * from p...')
#2 C:\xampp\htdocs\services-complain-main\vendor\codeigniter4\framework\system\Database\BaseConnection.php(598): CodeIgniter\Database\BaseConnection->simpleQuery('SELECT * from p...')
#3 C:\xampp\htdocs\services-complain-main\app\Controllers\Notif.php(19): CodeIgniter\Database\BaseConnection->query('SELECT * from p...')
#4 C:\xampp\htdocs\services-complain-main\vendor\codeigniter4\framework\system\CodeIgniter.php(832): App\Controllers\Notif->jumlah()
#5 C:\xampp\htdocs\services-complain-main\vendor\codeigniter4\framework\system\CodeIgniter.php(419): CodeIgniter\CodeIgniter->runController(Object(App\Controllers\Notif))
#6 C:\xampp\htdocs\services-complain-main\vendor\codeigniter4\framework\system\CodeIgniter.php(326): CodeIgniter\CodeIgniter->handleRequest(NULL, Object(Config\Cache), false)
#7 C:\xampp\htdocs\services-complain-main\index.php(37): CodeIgniter\CodeIgniter->run()
#8 {main}
ERROR - 2022-04-27 01:29:30 --> Table 'gigasolusi.pesan' doesn't exist
CRITICAL - 2022-04-27 01:29:30 --> Table 'gigasolusi.pesan' doesn't exist
#0 C:\xampp\htdocs\services-complain-main\vendor\codeigniter4\framework\system\Database\MySQLi\Connection.php(292): mysqli->query('SELECT * from p...', 0)
#1 C:\xampp\htdocs\services-complain-main\vendor\codeigniter4\framework\system\Database\BaseConnection.php(670): CodeIgniter\Database\MySQLi\Connection->execute('SELECT * from p...')
#2 C:\xampp\htdocs\services-complain-main\vendor\codeigniter4\framework\system\Database\BaseConnection.php(598): CodeIgniter\Database\BaseConnection->simpleQuery('SELECT * from p...')
#3 C:\xampp\htdocs\services-complain-main\app\Controllers\Notif.php(19): CodeIgniter\Database\BaseConnection->query('SELECT * from p...')
#4 C:\xampp\htdocs\services-complain-main\vendor\codeigniter4\framework\system\CodeIgniter.php(832): App\Controllers\Notif->jumlah()
#5 C:\xampp\htdocs\services-complain-main\vendor\codeigniter4\framework\system\CodeIgniter.php(419): CodeIgniter\CodeIgniter->runController(Object(App\Controllers\Notif))
#6 C:\xampp\htdocs\services-complain-main\vendor\codeigniter4\framework\system\CodeIgniter.php(326): CodeIgniter\CodeIgniter->handleRequest(NULL, Object(Config\Cache), false)
#7 C:\xampp\htdocs\services-complain-main\index.php(37): CodeIgniter\CodeIgniter->run()
#8 {main}
CRITICAL - 2022-04-27 02:56:17 --> Undefined property: stdClass::$idkeluhan
#0 C:\xampp\htdocs\services-complain-main\app\Views\Keluhan\index.php(141): CodeIgniter\Debug\Exceptions->errorHandler(2, 'Undefined prope...', 'C:\\xampp\\htdocs...', 141)
#1 C:\xampp\htdocs\services-complain-main\vendor\codeigniter4\framework\system\View\View.php(210): include('C:\\xampp\\htdocs...')
#2 C:\xampp\htdocs\services-complain-main\vendor\codeigniter4\framework\system\View\View.php(213): CodeIgniter\View\View->CodeIgniter\View\{closure}()
#3 C:\xampp\htdocs\services-complain-main\vendor\codeigniter4\framework\system\Common.php(1089): CodeIgniter\View\View->render('Keluhan/index', Array, true)
#4 C:\xampp\htdocs\services-complain-main\app\Views\Layout\template.php(268): view('Keluhan/index')
#5 C:\xampp\htdocs\services-complain-main\vendor\codeigniter4\framework\system\View\View.php(210): include('C:\\xampp\\htdocs...')
#6 C:\xampp\htdocs\services-complain-main\vendor\codeigniter4\framework\system\View\View.php(213): CodeIgniter\View\View->CodeIgniter\View\{closure}()
#7 C:\xampp\htdocs\services-complain-main\vendor\codeigniter4\framework\system\Common.php(1089): CodeIgniter\View\View->render('Layout/template', Array, true)
#8 C:\xampp\htdocs\services-complain-main\app\Controllers\Keluhan.php(54): view('Layout/template', Array)
#9 C:\xampp\htdocs\services-complain-main\vendor\codeigniter4\framework\system\CodeIgniter.php(832): App\Controllers\Keluhan->index()
#10 C:\xampp\htdocs\services-complain-main\vendor\codeigniter4\framework\system\CodeIgniter.php(419): CodeIgniter\CodeIgniter->runController(Object(App\Controllers\Keluhan))
#11 C:\xampp\htdocs\services-complain-main\vendor\codeigniter4\framework\system\CodeIgniter.php(326): CodeIgniter\CodeIgniter->handleRequest(NULL, Object(Config\Cache), false)
#12 C:\xampp\htdocs\services-complain-main\index.php(37): CodeIgniter\CodeIgniter->run()
#13 {main}
CRITICAL - 2022-04-27 03:09:29 --> Undefined property: stdClass::$nama_pelanggan
#0 C:\xampp\htdocs\services-complain-main\app\Views\Keluhan\edit.php(11): CodeIgniter\Debug\Exceptions->errorHandler(2, 'Undefined prope...', 'C:\\xampp\\htdocs...', 11)
#1 C:\xampp\htdocs\services-complain-main\vendor\codeigniter4\framework\system\View\View.php(210): include('C:\\xampp\\htdocs...')
#2 C:\xampp\htdocs\services-complain-main\vendor\codeigniter4\framework\system\View\View.php(213): CodeIgniter\View\View->CodeIgniter\View\{closure}()
#3 C:\xampp\htdocs\services-complain-main\vendor\codeigniter4\framework\system\Common.php(1089): CodeIgniter\View\View->render('keluhan/edit', Array, true)
#4 C:\xampp\htdocs\services-complain-main\app\Controllers\Keluhan.php(67): view('keluhan/edit', Array)
#5 C:\xampp\htdocs\services-complain-main\vendor\codeigniter4\framework\system\CodeIgniter.php(832): App\Controllers\Keluhan->editData()
#6 C:\xampp\htdocs\services-complain-main\vendor\codeigniter4\framework\system\CodeIgniter.php(419): CodeIgniter\CodeIgniter->runController(Object(App\Controllers\Keluhan))
#7 C:\xampp\htdocs\services-complain-main\vendor\codeigniter4\framework\system\CodeIgniter.php(326): CodeIgniter\CodeIgniter->handleRequest(NULL, Object(Config\Cache), false)
#8 C:\xampp\htdocs\services-complain-main\index.php(37): CodeIgniter\CodeIgniter->run()
#9 {main}
CRITICAL - 2022-04-27 03:10:28 --> Undefined property: stdClass::$nama_pelanggan
#0 C:\xampp\htdocs\services-complain-main\app\Views\Keluhan\edit.php(11): CodeIgniter\Debug\Exceptions->errorHandler(2, 'Undefined prope...', 'C:\\xampp\\htdocs...', 11)
#1 C:\xampp\htdocs\services-complain-main\vendor\codeigniter4\framework\system\View\View.php(210): include('C:\\xampp\\htdocs...')
#2 C:\xampp\htdocs\services-complain-main\vendor\codeigniter4\framework\system\View\View.php(213): CodeIgniter\View\View->CodeIgniter\View\{closure}()
#3 C:\xampp\htdocs\services-complain-main\vendor\codeigniter4\framework\system\Common.php(1089): CodeIgniter\View\View->render('keluhan/edit', Array, true)
#4 C:\xampp\htdocs\services-complain-main\app\Controllers\Keluhan.php(67): view('keluhan/edit', Array)
#5 C:\xampp\htdocs\services-complain-main\vendor\codeigniter4\framework\system\CodeIgniter.php(832): App\Controllers\Keluhan->editData()
#6 C:\xampp\htdocs\services-complain-main\vendor\codeigniter4\framework\system\CodeIgniter.php(419): CodeIgniter\CodeIgniter->runController(Object(App\Controllers\Keluhan))
#7 C:\xampp\htdocs\services-complain-main\vendor\codeigniter4\framework\system\CodeIgniter.php(326): CodeIgniter\CodeIgniter->handleRequest(NULL, Object(Config\Cache), false)
#8 C:\xampp\htdocs\services-complain-main\index.php(37): CodeIgniter\CodeIgniter->run()
#9 {main}
CRITICAL - 2022-04-27 03:11:42 --> Undefined property: stdClass::$nama_pelanggan
#0 C:\xampp\htdocs\services-complain-main\app\Views\Keluhan\edit.php(10): CodeIgniter\Debug\Exceptions->errorHandler(2, 'Undefined prope...', 'C:\\xampp\\htdocs...', 10)
#1 C:\xampp\htdocs\services-complain-main\vendor\codeigniter4\framework\system\View\View.php(210): include('C:\\xampp\\htdocs...')
#2 C:\xampp\htdocs\services-complain-main\vendor\codeigniter4\framework\system\View\View.php(213): CodeIgniter\View\View->CodeIgniter\View\{closure}()
#3 C:\xampp\htdocs\services-complain-main\vendor\codeigniter4\framework\system\Common.php(1089): CodeIgniter\View\View->render('keluhan/edit', Array, true)
#4 C:\xampp\htdocs\services-complain-main\app\Controllers\Keluhan.php(67): view('keluhan/edit', Array)
#5 C:\xampp\htdocs\services-complain-main\vendor\codeigniter4\framework\system\CodeIgniter.php(832): App\Controllers\Keluhan->editData()
#6 C:\xampp\htdocs\services-complain-main\vendor\codeigniter4\framework\system\CodeIgniter.php(419): CodeIgniter\CodeIgniter->runController(Object(App\Controllers\Keluhan))
#7 C:\xampp\htdocs\services-complain-main\vendor\codeigniter4\framework\system\CodeIgniter.php(326): CodeIgniter\CodeIgniter->handleRequest(NULL, Object(Config\Cache), false)
#8 C:\xampp\htdocs\services-complain-main\index.php(37): CodeIgniter\CodeIgniter->run()
#9 {main}
CRITICAL - 2022-04-27 03:11:45 --> Undefined property: stdClass::$nama_pelanggan
#0 C:\xampp\htdocs\services-complain-main\app\Views\Keluhan\edit.php(10): CodeIgniter\Debug\Exceptions->errorHandler(2, 'Undefined prope...', 'C:\\xampp\\htdocs...', 10)
#1 C:\xampp\htdocs\services-complain-main\vendor\codeigniter4\framework\system\View\View.php(210): include('C:\\xampp\\htdocs...')
#2 C:\xampp\htdocs\services-complain-main\vendor\codeigniter4\framework\system\View\View.php(213): CodeIgniter\View\View->CodeIgniter\View\{closure}()
#3 C:\xampp\htdocs\services-complain-main\vendor\codeigniter4\framework\system\Common.php(1089): CodeIgniter\View\View->render('keluhan/edit', Array, true)
#4 C:\xampp\htdocs\services-complain-main\app\Controllers\Keluhan.php(67): view('keluhan/edit', Array)
#5 C:\xampp\htdocs\services-complain-main\vendor\codeigniter4\framework\system\CodeIgniter.php(832): App\Controllers\Keluhan->editData()
#6 C:\xampp\htdocs\services-complain-main\vendor\codeigniter4\framework\system\CodeIgniter.php(419): CodeIgniter\CodeIgniter->runController(Object(App\Controllers\Keluhan))
#7 C:\xampp\htdocs\services-complain-main\vendor\codeigniter4\framework\system\CodeIgniter.php(326): CodeIgniter\CodeIgniter->handleRequest(NULL, Object(Config\Cache), false)
#8 C:\xampp\htdocs\services-complain-main\index.php(37): CodeIgniter\CodeIgniter->run()
#9 {main}
CRITICAL - 2022-04-27 03:12:04 --> Attempt to read property "idkeluhan" on null
#0 C:\xampp\htdocs\services-complain-main\app\Views\Keluhan\edit.php(2): CodeIgniter\Debug\Exceptions->errorHandler(2, 'Attempt to read...', 'C:\\xampp\\htdocs...', 2)
#1 C:\xampp\htdocs\services-complain-main\vendor\codeigniter4\framework\system\View\View.php(210): include('C:\\xampp\\htdocs...')
#2 C:\xampp\htdocs\services-complain-main\vendor\codeigniter4\framework\system\View\View.php(213): CodeIgniter\View\View->CodeIgniter\View\{closure}()
#3 C:\xampp\htdocs\services-complain-main\vendor\codeigniter4\framework\system\Common.php(1089): CodeIgniter\View\View->render('keluhan/edit', Array, true)
#4 C:\xampp\htdocs\services-complain-main\app\Controllers\Keluhan.php(67): view('keluhan/edit', Array)
#5 C:\xampp\htdocs\services-complain-main\vendor\codeigniter4\framework\system\CodeIgniter.php(832): App\Controllers\Keluhan->editData()
#6 C:\xampp\htdocs\services-complain-main\vendor\codeigniter4\framework\system\CodeIgniter.php(419): CodeIgniter\CodeIgniter->runController(Object(App\Controllers\Keluhan))
#7 C:\xampp\htdocs\services-complain-main\vendor\codeigniter4\framework\system\CodeIgniter.php(326): CodeIgniter\CodeIgniter->handleRequest(NULL, Object(Config\Cache), false)
#8 C:\xampp\htdocs\services-complain-main\index.php(37): CodeIgniter\CodeIgniter->run()
#9 {main}
CRITICAL - 2022-04-27 03:12:14 --> Attempt to read property "idpelanggan" on null
#0 C:\xampp\htdocs\services-complain-main\app\Views\Keluhan\edit.php(9): CodeIgniter\Debug\Exceptions->errorHandler(2, 'Attempt to read...', 'C:\\xampp\\htdocs...', 9)
#1 C:\xampp\htdocs\services-complain-main\vendor\codeigniter4\framework\system\View\View.php(210): include('C:\\xampp\\htdocs...')
#2 C:\xampp\htdocs\services-complain-main\vendor\codeigniter4\framework\system\View\View.php(213): CodeIgniter\View\View->CodeIgniter\View\{closure}()
#3 C:\xampp\htdocs\services-complain-main\vendor\codeigniter4\framework\system\Common.php(1089): CodeIgniter\View\View->render('keluhan/edit', Array, true)
#4 C:\xampp\htdocs\services-complain-main\app\Controllers\Keluhan.php(67): view('keluhan/edit', Array)
#5 C:\xampp\htdocs\services-complain-main\vendor\codeigniter4\framework\system\CodeIgniter.php(832): App\Controllers\Keluhan->editData()
#6 C:\xampp\htdocs\services-complain-main\vendor\codeigniter4\framework\system\CodeIgniter.php(419): CodeIgniter\CodeIgniter->runController(Object(App\Controllers\Keluhan))
#7 C:\xampp\htdocs\services-complain-main\vendor\codeigniter4\framework\system\CodeIgniter.php(326): CodeIgniter\CodeIgniter->handleRequest(NULL, Object(Config\Cache), false)
#8 C:\xampp\htdocs\services-complain-main\index.php(37): CodeIgniter\CodeIgniter->run()
#9 {main}
CRITICAL - 2022-04-27 03:13:19 --> Invalid file: edit.php
#0 C:\xampp\htdocs\services-complain-main\vendor\codeigniter4\framework\system\View\View.php(198): CodeIgniter\Exceptions\FrameworkException::forInvalidFile('edit.php')
#1 C:\xampp\htdocs\services-complain-main\vendor\codeigniter4\framework\system\Common.php(1089): CodeIgniter\View\View->render('edit', Array, true)
#2 C:\xampp\htdocs\services-complain-main\app\Controllers\Keluhan.php(67): view('edit', Array)
#3 C:\xampp\htdocs\services-complain-main\vendor\codeigniter4\framework\system\CodeIgniter.php(832): App\Controllers\Keluhan->editData()
#4 C:\xampp\htdocs\services-complain-main\vendor\codeigniter4\framework\system\CodeIgniter.php(419): CodeIgniter\CodeIgniter->runController(Object(App\Controllers\Keluhan))
#5 C:\xampp\htdocs\services-complain-main\vendor\codeigniter4\framework\system\CodeIgniter.php(326): CodeIgniter\CodeIgniter->handleRequest(NULL, Object(Config\Cache), false)
#6 C:\xampp\htdocs\services-complain-main\index.php(37): CodeIgniter\CodeIgniter->run()
#7 {main}
CRITICAL - 2022-04-27 03:17:40 --> Undefined property: stdClass::$nama_pelanggan
#0 C:\xampp\htdocs\services-complain-main\app\Views\Keluhan\edit.php(9): CodeIgniter\Debug\Exceptions->errorHandler(2, 'Undefined prope...', 'C:\\xampp\\htdocs...', 9)
#1 C:\xampp\htdocs\services-complain-main\vendor\codeigniter4\framework\system\View\View.php(210): include('C:\\xampp\\htdocs...')
#2 C:\xampp\htdocs\services-complain-main\vendor\codeigniter4\framework\system\View\View.php(213): CodeIgniter\View\View->CodeIgniter\View\{closure}()
#3 C:\xampp\htdocs\services-complain-main\vendor\codeigniter4\framework\system\Common.php(1089): CodeIgniter\View\View->render('Keluhan/edit', Array, true)
#4 C:\xampp\htdocs\services-complain-main\app\Controllers\Keluhan.php(67): view('Keluhan/edit', Array)
#5 C:\xampp\htdocs\services-complain-main\vendor\codeigniter4\framework\system\CodeIgniter.php(832): App\Controllers\Keluhan->editData()
#6 C:\xampp\htdocs\services-complain-main\vendor\codeigniter4\framework\system\CodeIgniter.php(419): CodeIgniter\CodeIgniter->runController(Object(App\Controllers\Keluhan))
#7 C:\xampp\htdocs\services-complain-main\vendor\codeigniter4\framework\system\CodeIgniter.php(326): CodeIgniter\CodeIgniter->handleRequest(NULL, Object(Config\Cache), false)
#8 C:\xampp\htdocs\services-complain-main\index.php(37): CodeIgniter\CodeIgniter->run()
#9 {main}
CRITICAL - 2022-04-27 03:18:49 --> Undefined property: stdClass::$nama_pelanggan
#0 C:\xampp\htdocs\services-complain-main\app\Views\Keluhan\edit.php(9): CodeIgniter\Debug\Exceptions->errorHandler(2, 'Undefined prope...', 'C:\\xampp\\htdocs...', 9)
#1 C:\xampp\htdocs\services-complain-main\vendor\codeigniter4\framework\system\View\View.php(210): include('C:\\xampp\\htdocs...')
#2 C:\xampp\htdocs\services-complain-main\vendor\codeigniter4\framework\system\View\View.php(213): CodeIgniter\View\View->CodeIgniter\View\{closure}()
#3 C:\xampp\htdocs\services-complain-main\vendor\codeigniter4\framework\system\Common.php(1089): CodeIgniter\View\View->render('Keluhan/edit', Array, true)
#4 C:\xampp\htdocs\services-complain-main\app\Controllers\Keluhan.php(67): view('Keluhan/edit', Array)
#5 C:\xampp\htdocs\services-complain-main\vendor\codeigniter4\framework\system\CodeIgniter.php(832): App\Controllers\Keluhan->editData()
#6 C:\xampp\htdocs\services-complain-main\vendor\codeigniter4\framework\system\CodeIgniter.php(419): CodeIgniter\CodeIgniter->runController(Object(App\Controllers\Keluhan))
#7 C:\xampp\htdocs\services-complain-main\vendor\codeigniter4\framework\system\CodeIgniter.php(326): CodeIgniter\CodeIgniter->handleRequest(NULL, Object(Config\Cache), false)
#8 C:\xampp\htdocs\services-complain-main\index.php(37): CodeIgniter\CodeIgniter->run()
#9 {main}
CRITICAL - 2022-04-27 03:19:11 --> Undefined property: stdClass::$nama_pelanggan
#0 C:\xampp\htdocs\services-complain-main\app\Views\Keluhan\edit.php(9): CodeIgniter\Debug\Exceptions->errorHandler(2, 'Undefined prope...', 'C:\\xampp\\htdocs...', 9)
#1 C:\xampp\htdocs\services-complain-main\vendor\codeigniter4\framework\system\View\View.php(210): include('C:\\xampp\\htdocs...')
#2 C:\xampp\htdocs\services-complain-main\vendor\codeigniter4\framework\system\View\View.php(213): CodeIgniter\View\View->CodeIgniter\View\{closure}()
#3 C:\xampp\htdocs\services-complain-main\vendor\codeigniter4\framework\system\Common.php(1089): CodeIgniter\View\View->render('Keluhan/edit', Array, true)
#4 C:\xampp\htdocs\services-complain-main\app\Controllers\Keluhan.php(67): view('Keluhan/edit', Array)
#5 C:\xampp\htdocs\services-complain-main\vendor\codeigniter4\framework\system\CodeIgniter.php(832): App\Controllers\Keluhan->editData()
#6 C:\xampp\htdocs\services-complain-main\vendor\codeigniter4\framework\system\CodeIgniter.php(419): CodeIgniter\CodeIgniter->runController(Object(App\Controllers\Keluhan))
#7 C:\xampp\htdocs\services-complain-main\vendor\codeigniter4\framework\system\CodeIgniter.php(326): CodeIgniter\CodeIgniter->handleRequest(NULL, Object(Config\Cache), false)
#8 C:\xampp\htdocs\services-complain-main\index.php(37): CodeIgniter\CodeIgniter->run()
#9 {main}
CRITICAL - 2022-04-27 03:19:12 --> Undefined property: stdClass::$nama_pelanggan
#0 C:\xampp\htdocs\services-complain-main\app\Views\Keluhan\edit.php(9): CodeIgniter\Debug\Exceptions->errorHandler(2, 'Undefined prope...', 'C:\\xampp\\htdocs...', 9)
#1 C:\xampp\htdocs\services-complain-main\vendor\codeigniter4\framework\system\View\View.php(210): include('C:\\xampp\\htdocs...')
#2 C:\xampp\htdocs\services-complain-main\vendor\codeigniter4\framework\system\View\View.php(213): CodeIgniter\View\View->CodeIgniter\View\{closure}()
#3 C:\xampp\htdocs\services-complain-main\vendor\codeigniter4\framework\system\Common.php(1089): CodeIgniter\View\View->render('Keluhan/edit', Array, true)
#4 C:\xampp\htdocs\services-complain-main\app\Controllers\Keluhan.php(67): view('Keluhan/edit', Array)
#5 C:\xampp\htdocs\services-complain-main\vendor\codeigniter4\framework\system\CodeIgniter.php(832): App\Controllers\Keluhan->editData()
#6 C:\xampp\htdocs\services-complain-main\vendor\codeigniter4\framework\system\CodeIgniter.php(419): CodeIgniter\CodeIgniter->runController(Object(App\Controllers\Keluhan))
#7 C:\xampp\htdocs\services-complain-main\vendor\codeigniter4\framework\system\CodeIgniter.php(326): CodeIgniter\CodeIgniter->handleRequest(NULL, Object(Config\Cache), false)
#8 C:\xampp\htdocs\services-complain-main\index.php(37): CodeIgniter\CodeIgniter->run()
#9 {main}
CRITICAL - 2022-04-27 03:19:12 --> Undefined property: stdClass::$nama_pelanggan
#0 C:\xampp\htdocs\services-complain-main\app\Views\Keluhan\edit.php(9): CodeIgniter\Debug\Exceptions->errorHandler(2, 'Undefined prope...', 'C:\\xampp\\htdocs...', 9)
#1 C:\xampp\htdocs\services-complain-main\vendor\codeigniter4\framework\system\View\View.php(210): include('C:\\xampp\\htdocs...')
#2 C:\xampp\htdocs\services-complain-main\vendor\codeigniter4\framework\system\View\View.php(213): CodeIgniter\View\View->CodeIgniter\View\{closure}()
#3 C:\xampp\htdocs\services-complain-main\vendor\codeigniter4\framework\system\Common.php(1089): CodeIgniter\View\View->render('Keluhan/edit', Array, true)
#4 C:\xampp\htdocs\services-complain-main\app\Controllers\Keluhan.php(67): view('Keluhan/edit', Array)
#5 C:\xampp\htdocs\services-complain-main\vendor\codeigniter4\framework\system\CodeIgniter.php(832): App\Controllers\Keluhan->editData()
#6 C:\xampp\htdocs\services-complain-main\vendor\codeigniter4\framework\system\CodeIgniter.php(419): CodeIgniter\CodeIgniter->runController(Object(App\Controllers\Keluhan))
#7 C:\xampp\htdocs\services-complain-main\vendor\codeigniter4\framework\system\CodeIgniter.php(326): CodeIgniter\CodeIgniter->handleRequest(NULL, Object(Config\Cache), false)
#8 C:\xampp\htdocs\services-complain-main\index.php(37): CodeIgniter\CodeIgniter->run()
#9 {main}
CRITICAL - 2022-04-27 03:19:12 --> Undefined property: stdClass::$nama_pelanggan
#0 C:\xampp\htdocs\services-complain-main\app\Views\Keluhan\edit.php(9): CodeIgniter\Debug\Exceptions->errorHandler(2, 'Undefined prope...', 'C:\\xampp\\htdocs...', 9)
#1 C:\xampp\htdocs\services-complain-main\vendor\codeigniter4\framework\system\View\View.php(210): include('C:\\xampp\\htdocs...')
#2 C:\xampp\htdocs\services-complain-main\vendor\codeigniter4\framework\system\View\View.php(213): CodeIgniter\View\View->CodeIgniter\View\{closure}()
#3 C:\xampp\htdocs\services-complain-main\vendor\codeigniter4\framework\system\Common.php(1089): CodeIgniter\View\View->render('Keluhan/edit', Array, true)
#4 C:\xampp\htdocs\services-complain-main\app\Controllers\Keluhan.php(67): view('Keluhan/edit', Array)
#5 C:\xampp\htdocs\services-complain-main\vendor\codeigniter4\framework\system\CodeIgniter.php(832): App\Controllers\Keluhan->editData()
#6 C:\xampp\htdocs\services-complain-main\vendor\codeigniter4\framework\system\CodeIgniter.php(419): CodeIgniter\CodeIgniter->runController(Object(App\Controllers\Keluhan))
#7 C:\xampp\htdocs\services-complain-main\vendor\codeigniter4\framework\system\CodeIgniter.php(326): CodeIgniter\CodeIgniter->handleRequest(NULL, Object(Config\Cache), false)
#8 C:\xampp\htdocs\services-complain-main\index.php(37): CodeIgniter\CodeIgniter->run()
#9 {main}
CRITICAL - 2022-04-27 03:19:18 --> Undefined property: stdClass::$nama_pelanggan
#0 C:\xampp\htdocs\services-complain-main\app\Views\Keluhan\edit.php(9): CodeIgniter\Debug\Exceptions->errorHandler(2, 'Undefined prope...', 'C:\\xampp\\htdocs...', 9)
#1 C:\xampp\htdocs\services-complain-main\vendor\codeigniter4\framework\system\View\View.php(210): include('C:\\xampp\\htdocs...')
#2 C:\xampp\htdocs\services-complain-main\vendor\codeigniter4\framework\system\View\View.php(213): CodeIgniter\View\View->CodeIgniter\View\{closure}()
#3 C:\xampp\htdocs\services-complain-main\vendor\codeigniter4\framework\system\Common.php(1089): CodeIgniter\View\View->render('Keluhan/edit', Array, true)
#4 C:\xampp\htdocs\services-complain-main\app\Controllers\Keluhan.php(67): view('Keluhan/edit', Array)
#5 C:\xampp\htdocs\services-complain-main\vendor\codeigniter4\framework\system\CodeIgniter.php(832): App\Controllers\Keluhan->editData()
#6 C:\xampp\htdocs\services-complain-main\vendor\codeigniter4\framework\system\CodeIgniter.php(419): CodeIgniter\CodeIgniter->runController(Object(App\Controllers\Keluhan))
#7 C:\xampp\htdocs\services-complain-main\vendor\codeigniter4\framework\system\CodeIgniter.php(326): CodeIgniter\CodeIgniter->handleRequest(NULL, Object(Config\Cache), false)
#8 C:\xampp\htdocs\services-complain-main\index.php(37): CodeIgniter\CodeIgniter->run()
#9 {main}
CRITICAL - 2022-04-27 03:19:22 --> Attempt to read property "idpelanggan" on null
#0 C:\xampp\htdocs\services-complain-main\app\Views\Keluhan\edit.php(9): CodeIgniter\Debug\Exceptions->errorHandler(2, 'Attempt to read...', 'C:\\xampp\\htdocs...', 9)
#1 C:\xampp\htdocs\services-complain-main\vendor\codeigniter4\framework\system\View\View.php(210): include('C:\\xampp\\htdocs...')
#2 C:\xampp\htdocs\services-complain-main\vendor\codeigniter4\framework\system\View\View.php(213): CodeIgniter\View\View->CodeIgniter\View\{closure}()
#3 C:\xampp\htdocs\services-complain-main\vendor\codeigniter4\framework\system\Common.php(1089): CodeIgniter\View\View->render('Keluhan/edit', Array, true)
#4 C:\xampp\htdocs\services-complain-main\app\Controllers\Keluhan.php(67): view('Keluhan/edit', Array)
#5 C:\xampp\htdocs\services-complain-main\vendor\codeigniter4\framework\system\CodeIgniter.php(832): App\Controllers\Keluhan->editData()
#6 C:\xampp\htdocs\services-complain-main\vendor\codeigniter4\framework\system\CodeIgniter.php(419): CodeIgniter\CodeIgniter->runController(Object(App\Controllers\Keluhan))
#7 C:\xampp\htdocs\services-complain-main\vendor\codeigniter4\framework\system\CodeIgniter.php(326): CodeIgniter\CodeIgniter->handleRequest(NULL, Object(Config\Cache), false)
#8 C:\xampp\htdocs\services-complain-main\index.php(37): CodeIgniter\CodeIgniter->run()
#9 {main}
ERROR - 2022-04-27 03:21:19 --> You have an error in your SQL syntax; check the manual that corresponds to your MariaDB server version for the right syntax to use near '' at line 1
CRITICAL - 2022-04-27 03:21:19 --> You have an error in your SQL syntax; check the manual that corresponds to your MariaDB server version for the right syntax to use near '' at line 1
#0 C:\xampp\htdocs\services-complain-main\vendor\codeigniter4\framework\system\Database\MySQLi\Connection.php(292): mysqli->query('SELECT * FROM k...', 0)
#1 C:\xampp\htdocs\services-complain-main\vendor\codeigniter4\framework\system\Database\BaseConnection.php(670): CodeIgniter\Database\MySQLi\Connection->execute('SELECT * FROM k...')
#2 C:\xampp\htdocs\services-complain-main\vendor\codeigniter4\framework\system\Database\BaseConnection.php(598): CodeIgniter\Database\BaseConnection->simpleQuery('SELECT * FROM k...')
#3 C:\xampp\htdocs\services-complain-main\app\Controllers\Keluhan.php(64): CodeIgniter\Database\BaseConnection->query('SELECT * FROM k...')
#4 C:\xampp\htdocs\services-complain-main\vendor\codeigniter4\framework\system\CodeIgniter.php(832): App\Controllers\Keluhan->editData()
#5 C:\xampp\htdocs\services-complain-main\vendor\codeigniter4\framework\system\CodeIgniter.php(419): CodeIgniter\CodeIgniter->runController(Object(App\Controllers\Keluhan))
#6 C:\xampp\htdocs\services-complain-main\vendor\codeigniter4\framework\system\CodeIgniter.php(326): CodeIgniter\CodeIgniter->handleRequest(NULL, Object(Config\Cache), false)
#7 C:\xampp\htdocs\services-complain-main\index.php(37): CodeIgniter\CodeIgniter->run()
#8 {main}
CRITICAL - 2022-04-27 03:21:23 --> Undefined property: stdClass::$nama_pelanggan
#0 C:\xampp\htdocs\services-complain-main\app\Views\Keluhan\edit.php(9): CodeIgniter\Debug\Exceptions->errorHandler(2, 'Undefined prope...', 'C:\\xampp\\htdocs...', 9)
#1 C:\xampp\htdocs\services-complain-main\vendor\codeigniter4\framework\system\View\View.php(210): include('C:\\xampp\\htdocs...')
#2 C:\xampp\htdocs\services-complain-main\vendor\codeigniter4\framework\system\View\View.php(213): CodeIgniter\View\View->CodeIgniter\View\{closure}()
#3 C:\xampp\htdocs\services-complain-main\vendor\codeigniter4\framework\system\Common.php(1089): CodeIgniter\View\View->render('Keluhan/edit', Array, true)
#4 C:\xampp\htdocs\services-complain-main\app\Controllers\Keluhan.php(66): view('Keluhan/edit', Array)
#5 C:\xampp\htdocs\services-complain-main\vendor\codeigniter4\framework\system\CodeIgniter.php(832): App\Controllers\Keluhan->editData()
#6 C:\xampp\htdocs\services-complain-main\vendor\codeigniter4\framework\system\CodeIgniter.php(419): CodeIgniter\CodeIgniter->runController(Object(App\Controllers\Keluhan))
#7 C:\xampp\htdocs\services-complain-main\vendor\codeigniter4\framework\system\CodeIgniter.php(326): CodeIgniter\CodeIgniter->handleRequest(NULL, Object(Config\Cache), false)
#8 C:\xampp\htdocs\services-complain-main\index.php(37): CodeIgniter\CodeIgniter->run()
#9 {main}
ERROR - 2022-04-27 03:21:36 --> You have an error in your SQL syntax; check the manual that corresponds to your MariaDB server version for the right syntax to use near '' at line 1
CRITICAL - 2022-04-27 03:21:36 --> You have an error in your SQL syntax; check the manual that corresponds to your MariaDB server version for the right syntax to use near '' at line 1
#0 C:\xampp\htdocs\services-complain-main\vendor\codeigniter4\framework\system\Database\MySQLi\Connection.php(292): mysqli->query('SELECT * FROM k...', 0)
#1 C:\xampp\htdocs\services-complain-main\vendor\codeigniter4\framework\system\Database\BaseConnection.php(670): CodeIgniter\Database\MySQLi\Connection->execute('SELECT * FROM k...')
#2 C:\xampp\htdocs\services-complain-main\vendor\codeigniter4\framework\system\Database\BaseConnection.php(598): CodeIgniter\Database\BaseConnection->simpleQuery('SELECT * FROM k...')
#3 C:\xampp\htdocs\services-complain-main\app\Controllers\Keluhan.php(64): CodeIgniter\Database\BaseConnection->query('SELECT * FROM k...')
#4 C:\xampp\htdocs\services-complain-main\vendor\codeigniter4\framework\system\CodeIgniter.php(832): App\Controllers\Keluhan->editData()
#5 C:\xampp\htdocs\services-complain-main\vendor\codeigniter4\framework\system\CodeIgniter.php(419): CodeIgniter\CodeIgniter->runController(Object(App\Controllers\Keluhan))
#6 C:\xampp\htdocs\services-complain-main\vendor\codeigniter4\framework\system\CodeIgniter.php(326): CodeIgniter\CodeIgniter->handleRequest(NULL, Object(Config\Cache), false)
#7 C:\xampp\htdocs\services-complain-main\index.php(37): CodeIgniter\CodeIgniter->run()
#8 {main}
CRITICAL - 2022-04-27 03:22:04 --> Undefined property: stdClass::$nama_pelanggan
#0 C:\xampp\htdocs\services-complain-main\app\Views\Keluhan\edit.php(9): CodeIgniter\Debug\Exceptions->errorHandler(2, 'Undefined prope...', 'C:\\xampp\\htdocs...', 9)
#1 C:\xampp\htdocs\services-complain-main\vendor\codeigniter4\framework\system\View\View.php(210): include('C:\\xampp\\htdocs...')
#2 C:\xampp\htdocs\services-complain-main\vendor\codeigniter4\framework\system\View\View.php(213): CodeIgniter\View\View->CodeIgniter\View\{closure}()
#3 C:\xampp\htdocs\services-complain-main\vendor\codeigniter4\framework\system\Common.php(1089): CodeIgniter\View\View->render('Keluhan/edit', Array, true)
#4 C:\xampp\htdocs\services-complain-main\app\Controllers\Keluhan.php(66): view('Keluhan/edit', Array)
#5 C:\xampp\htdocs\services-complain-main\vendor\codeigniter4\framework\system\CodeIgniter.php(832): App\Controllers\Keluhan->editData()
#6 C:\xampp\htdocs\services-complain-main\vendor\codeigniter4\framework\system\CodeIgniter.php(419): CodeIgniter\CodeIgniter->runController(Object(App\Controllers\Keluhan))
#7 C:\xampp\htdocs\services-complain-main\vendor\codeigniter4\framework\system\CodeIgniter.php(326): CodeIgniter\CodeIgniter->handleRequest(NULL, Object(Config\Cache), false)
#8 C:\xampp\htdocs\services-complain-main\index.php(37): CodeIgniter\CodeIgniter->run()
#9 {main}
CRITICAL - 2022-04-27 03:22:38 --> Undefined property: stdClass::$nama_teknisi
#0 C:\xampp\htdocs\services-complain-main\app\Views\Keluhan\edit.php(64): CodeIgniter\Debug\Exceptions->errorHandler(2, 'Undefined prope...', 'C:\\xampp\\htdocs...', 64)
#1 C:\xampp\htdocs\services-complain-main\vendor\codeigniter4\framework\system\View\View.php(210): include('C:\\xampp\\htdocs...')
#2 C:\xampp\htdocs\services-complain-main\vendor\codeigniter4\framework\system\View\View.php(213): CodeIgniter\View\View->CodeIgniter\View\{closure}()
#3 C:\xampp\htdocs\services-complain-main\vendor\codeigniter4\framework\system\Common.php(1089): CodeIgniter\View\View->render('Keluhan/edit', Array, true)
#4 C:\xampp\htdocs\services-complain-main\app\Controllers\Keluhan.php(66): view('Keluhan/edit', Array)
#5 C:\xampp\htdocs\services-complain-main\vendor\codeigniter4\framework\system\CodeIgniter.php(832): App\Controllers\Keluhan->editData()
#6 C:\xampp\htdocs\services-complain-main\vendor\codeigniter4\framework\system\CodeIgniter.php(419): CodeIgniter\CodeIgniter->runController(Object(App\Controllers\Keluhan))
#7 C:\xampp\htdocs\services-complain-main\vendor\codeigniter4\framework\system\CodeIgniter.php(326): CodeIgniter\CodeIgniter->handleRequest(NULL, Object(Config\Cache), false)
#8 C:\xampp\htdocs\services-complain-main\index.php(37): CodeIgniter\CodeIgniter->run()
#9 {main}
ERROR - 2022-04-27 03:23:37 --> You have an error in your SQL syntax; check the manual that corresponds to your MariaDB server version for the right syntax to use near 'idkeluhan,keluhan.idteknisi,keluhan.idpelanggan,nama_pelanggan,keluhan,penyeb...' at line 1
CRITICAL - 2022-04-27 03:23:37 --> You have an error in your SQL syntax; check the manual that corresponds to your MariaDB server version for the right syntax to use near 'idkeluhan,keluhan.idteknisi,keluhan.idpelanggan,nama_pelanggan,keluhan,penyeb...' at line 1
#0 C:\xampp\htdocs\services-complain-main\vendor\codeigniter4\framework\system\Database\MySQLi\Connection.php(292): mysqli->query('idkeluhan,keluh...', 0)
#1 C:\xampp\htdocs\services-complain-main\vendor\codeigniter4\framework\system\Database\BaseConnection.php(670): CodeIgniter\Database\MySQLi\Connection->execute('idkeluhan,keluh...')
#2 C:\xampp\htdocs\services-complain-main\vendor\codeigniter4\framework\system\Database\BaseConnection.php(598): CodeIgniter\Database\BaseConnection->simpleQuery('idkeluhan,keluh...')
#3 C:\xampp\htdocs\services-complain-main\app\Controllers\Keluhan.php(66): CodeIgniter\Database\BaseConnection->query('idkeluhan,keluh...')
#4 C:\xampp\htdocs\services-complain-main\vendor\codeigniter4\framework\system\CodeIgniter.php(832): App\Controllers\Keluhan->editData()
#5 C:\xampp\htdocs\services-complain-main\vendor\codeigniter4\framework\system\CodeIgniter.php(419): CodeIgniter\CodeIgniter->runController(Object(App\Controllers\Keluhan))
#6 C:\xampp\htdocs\services-complain-main\vendor\codeigniter4\framework\system\CodeIgniter.php(326): CodeIgniter\CodeIgniter->handleRequest(NULL, Object(Config\Cache), false)
#7 C:\xampp\htdocs\services-complain-main\index.php(37): CodeIgniter\CodeIgniter->run()
#8 {main}
ERROR - 2022-04-27 03:23:39 --> You have an error in your SQL syntax; check the manual that corresponds to your MariaDB server version for the right syntax to use near 'idkeluhan,keluhan.idteknisi,keluhan.idpelanggan,nama_pelanggan,keluhan,penyeb...' at line 1
CRITICAL - 2022-04-27 03:23:39 --> You have an error in your SQL syntax; check the manual that corresponds to your MariaDB server version for the right syntax to use near 'idkeluhan,keluhan.idteknisi,keluhan.idpelanggan,nama_pelanggan,keluhan,penyeb...' at line 1
#0 C:\xampp\htdocs\services-complain-main\vendor\codeigniter4\framework\system\Database\MySQLi\Connection.php(292): mysqli->query('idkeluhan,keluh...', 0)
#1 C:\xampp\htdocs\services-complain-main\vendor\codeigniter4\framework\system\Database\BaseConnection.php(670): CodeIgniter\Database\MySQLi\Connection->execute('idkeluhan,keluh...')
#2 C:\xampp\htdocs\services-complain-main\vendor\codeigniter4\framework\system\Database\BaseConnection.php(598): CodeIgniter\Database\BaseConnection->simpleQuery('idkeluhan,keluh...')
#3 C:\xampp\htdocs\services-complain-main\app\Controllers\Keluhan.php(66): CodeIgniter\Database\BaseConnection->query('idkeluhan,keluh...')
#4 C:\xampp\htdocs\services-complain-main\vendor\codeigniter4\framework\system\CodeIgniter.php(832): App\Controllers\Keluhan->editData()
#5 C:\xampp\htdocs\services-complain-main\vendor\codeigniter4\framework\system\CodeIgniter.php(419): CodeIgniter\CodeIgniter->runController(Object(App\Controllers\Keluhan))
#6 C:\xampp\htdocs\services-complain-main\vendor\codeigniter4\framework\system\CodeIgniter.php(326): CodeIgniter\CodeIgniter->handleRequest(NULL, Object(Config\Cache), false)
#7 C:\xampp\htdocs\services-complain-main\index.php(37): CodeIgniter\CodeIgniter->run()
#8 {main}
ERROR - 2022-04-27 03:23:48 --> You have an error in your SQL syntax; check the manual that corresponds to your MariaDB server version for the right syntax to use near 'idkeluhan,keluhan.idteknisi,keluhan.idpelanggan,nama_pelanggan,keluhan,penyeb...' at line 1
CRITICAL - 2022-04-27 03:23:48 --> You have an error in your SQL syntax; check the manual that corresponds to your MariaDB server version for the right syntax to use near 'idkeluhan,keluhan.idteknisi,keluhan.idpelanggan,nama_pelanggan,keluhan,penyeb...' at line 1
#0 C:\xampp\htdocs\services-complain-main\vendor\codeigniter4\framework\system\Database\MySQLi\Connection.php(292): mysqli->query('idkeluhan,keluh...', 0)
#1 C:\xampp\htdocs\services-complain-main\vendor\codeigniter4\framework\system\Database\BaseConnection.php(670): CodeIgniter\Database\MySQLi\Connection->execute('idkeluhan,keluh...')
#2 C:\xampp\htdocs\services-complain-main\vendor\codeigniter4\framework\system\Database\BaseConnection.php(598): CodeIgniter\Database\BaseConnection->simpleQuery('idkeluhan,keluh...')
#3 C:\xampp\htdocs\services-complain-main\app\Controllers\Keluhan.php(66): CodeIgniter\Database\BaseConnection->query('idkeluhan,keluh...')
#4 C:\xampp\htdocs\services-complain-main\vendor\codeigniter4\framework\system\CodeIgniter.php(832): App\Controllers\Keluhan->editData()
#5 C:\xampp\htdocs\services-complain-main\vendor\codeigniter4\framework\system\CodeIgniter.php(419): CodeIgniter\CodeIgniter->runController(Object(App\Controllers\Keluhan))
#6 C:\xampp\htdocs\services-complain-main\vendor\codeigniter4\framework\system\CodeIgniter.php(326): CodeIgniter\CodeIgniter->handleRequest(NULL, Object(Config\Cache), false)
#7 C:\xampp\htdocs\services-complain-main\index.php(37): CodeIgniter\CodeIgniter->run()
#8 {main}
CRITICAL - 2022-04-27 03:24:09 --> Attempt to read property "idpelanggan" on null
#0 C:\xampp\htdocs\services-complain-main\app\Views\Keluhan\edit.php(9): CodeIgniter\Debug\Exceptions->errorHandler(2, 'Attempt to read...', 'C:\\xampp\\htdocs...', 9)
#1 C:\xampp\htdocs\services-complain-main\vendor\codeigniter4\framework\system\View\View.php(210): include('C:\\xampp\\htdocs...')
#2 C:\xampp\htdocs\services-complain-main\vendor\codeigniter4\framework\system\View\View.php(213): CodeIgniter\View\View->CodeIgniter\View\{closure}()
#3 C:\xampp\htdocs\services-complain-main\vendor\codeigniter4\framework\system\Common.php(1089): CodeIgniter\View\View->render('Keluhan/edit', Array, true)
#4 C:\xampp\htdocs\services-complain-main\app\Controllers\Keluhan.php(68): view('Keluhan/edit', Array)
#5 C:\xampp\htdocs\services-complain-main\vendor\codeigniter4\framework\system\CodeIgniter.php(832): App\Controllers\Keluhan->editData()
#6 C:\xampp\htdocs\services-complain-main\vendor\codeigniter4\framework\system\CodeIgniter.php(419): CodeIgniter\CodeIgniter->runController(Object(App\Controllers\Keluhan))
#7 C:\xampp\htdocs\services-complain-main\vendor\codeigniter4\framework\system\CodeIgniter.php(326): CodeIgniter\CodeIgniter->handleRequest(NULL, Object(Config\Cache), false)
#8 C:\xampp\htdocs\services-complain-main\index.php(37): CodeIgniter\CodeIgniter->run()
#9 {main}
CRITICAL - 2022-04-27 03:24:59 --> Attempt to read property "idpelanggan" on null
#0 C:\xampp\htdocs\services-complain-main\app\Views\Keluhan\edit.php(9): CodeIgniter\Debug\Exceptions->errorHandler(2, 'Attempt to read...', 'C:\\xampp\\htdocs...', 9)
#1 C:\xampp\htdocs\services-complain-main\vendor\codeigniter4\framework\system\View\View.php(210): include('C:\\xampp\\htdocs...')
#2 C:\xampp\htdocs\services-complain-main\vendor\codeigniter4\framework\system\View\View.php(213): CodeIgniter\View\View->CodeIgniter\View\{closure}()
#3 C:\xampp\htdocs\services-complain-main\vendor\codeigniter4\framework\system\Common.php(1089): CodeIgniter\View\View->render('Keluhan/edit', Array, true)
#4 C:\xampp\htdocs\services-complain-main\app\Controllers\Keluhan.php(69): view('Keluhan/edit', Array)
#5 C:\xampp\htdocs\services-complain-main\vendor\codeigniter4\framework\system\CodeIgniter.php(832): App\Controllers\Keluhan->editData()
#6 C:\xampp\htdocs\services-complain-main\vendor\codeigniter4\framework\system\CodeIgniter.php(419): CodeIgniter\CodeIgniter->runController(Object(App\Controllers\Keluhan))
#7 C:\xampp\htdocs\services-complain-main\vendor\codeigniter4\framework\system\CodeIgniter.php(326): CodeIgniter\CodeIgniter->handleRequest(NULL, Object(Config\Cache), false)
#8 C:\xampp\htdocs\services-complain-main\index.php(37): CodeIgniter\CodeIgniter->run()
#9 {main}
